{
  "RSpec": {
    "coverage": {
      "/Users/eder/Projetos/apontador_oauth2/spec/fixtures/register_url.rb": [
        1,
        null,
        null,
        null,
        null,
        null,
        null
      ],
      "/Users/eder/Projetos/apontador_oauth2/lib/apontador_oauth2.rb": [
        1,
        1,
        null
      ],
      "/Users/eder/Projetos/apontador_oauth2/lib/apontador_oauth2/version.rb": [
        1,
        1,
        null
      ],
      "/Users/eder/Projetos/apontador_oauth2/lib/apontador_oauth2/client.rb": [
        null,
        1,
        1,
        1,
        1,
        1,
        1,
        1,
        1,
        null,
        null,
        1,
        1,
        null,
        null,
        null,
        null,
        null,
        null,
        null,
        1,
        1,
        null,
        null,
        1,
        1,
        1,
        1,
        1,
        null,
        null,
        1,
        null,
        null,
        null,
        1,
        null,
        null,
        1,
        1,
        null,
        null,
        null
      ]
    },
    "timestamp": 1379541441
  }
}
